TN:
SF:index.js
FN:15,(anonymous_0)
FN:17,(anonymous_1)
FN:19,(anonymous_2)
FNF:3
FNH:2
FNDA:1,(anonymous_0)
FNDA:1,(anonymous_1)
FNDA:0,(anonymous_2)
DA:1,6
DA:2,6
DA:3,6
DA:4,6
DA:5,6
DA:7,6
DA:8,6
DA:10,6
DA:12,6
DA:14,6
DA:15,6
DA:16,1
DA:17,1
DA:18,1
DA:20,0
DA:24,6
LF:16
LH:15
BRDA:14,0,0,6
BRDA:14,0,1,6
BRF:2
BRH:2
end_of_record
TN:
SF:config\config.js
FNF:0
FNH:0
DA:1,6
DA:3,6
LF:2
LH:2
BRF:0
BRH:0
end_of_record
TN:
SF:config\swagger.js
FNF:0
FNH:0
DA:1,6
DA:2,6
DA:4,6
DA:69,6
DA:71,6
LF:5
LH:5
BRF:0
BRH:0
end_of_record
TN:
SF:controllers\addressController.js
FN:3,(anonymous_0)
FN:12,(anonymous_1)
FN:26,(anonymous_2)
FN:35,(anonymous_3)
FN:52,(anonymous_4)
FNF:5
FNH:5
FNDA:1,(anonymous_0)
FNDA:2,(anonymous_1)
FNDA:1,(anonymous_2)
FNDA:2,(anonymous_3)
FNDA:2,(anonymous_4)
DA:1,6
DA:3,6
DA:4,1
DA:5,1
DA:6,1
DA:8,0
DA:12,6
DA:13,2
DA:14,2
DA:15,2
DA:16,2
DA:17,1
DA:19,1
DA:22,0
DA:26,6
DA:27,1
DA:28,1
DA:29,1
DA:31,0
DA:35,6
DA:36,2
DA:37,2
DA:38,2
DA:41,2
DA:42,1
DA:43,1
DA:45,1
DA:48,0
DA:52,6
DA:53,2
DA:54,2
DA:55,2
DA:58,2
DA:59,1
DA:61,1
DA:64,0
DA:68,6
LF:37
LH:32
BRDA:16,0,0,1
BRDA:16,0,1,1
BRDA:41,1,0,1
BRDA:41,1,1,1
BRDA:58,2,0,1
BRDA:58,2,1,1
BRF:6
BRH:6
end_of_record
TN:
SF:controllers\authController.js
FN:6,(anonymous_0)
FN:16,(anonymous_1)
FNF:2
FNH:0
FNDA:0,(anonymous_0)
FNDA:0,(anonymous_1)
DA:1,6
DA:2,6
DA:3,6
DA:5,6
DA:7,0
DA:8,0
DA:9,0
DA:10,0
DA:12,0
DA:17,0
DA:18,0
DA:19,0
DA:21,0
DA:22,0
DA:25,0
DA:26,0
DA:28,0
DA:33,6
LF:18
LH:5
BRDA:21,0,0,0
BRDA:21,0,1,0
BRDA:21,1,0,0
BRDA:21,1,1,0
BRF:4
BRH:0
end_of_record
TN:
SF:controllers\categoryController.js
FN:3,(anonymous_0)
FN:12,(anonymous_1)
FN:26,(anonymous_2)
FN:35,(anonymous_3)
FN:52,(anonymous_4)
FNF:5
FNH:5
FNDA:1,(anonymous_0)
FNDA:2,(anonymous_1)
FNDA:1,(anonymous_2)
FNDA:2,(anonymous_3)
FNDA:2,(anonymous_4)
DA:1,6
DA:3,6
DA:4,1
DA:5,1
DA:6,1
DA:8,0
DA:12,6
DA:13,2
DA:14,2
DA:15,2
DA:16,2
DA:17,1
DA:19,1
DA:22,0
DA:26,6
DA:27,1
DA:28,1
DA:29,1
DA:31,0
DA:35,6
DA:36,2
DA:37,2
DA:38,2
DA:41,2
DA:42,1
DA:43,1
DA:45,1
DA:48,0
DA:52,6
DA:53,2
DA:54,2
DA:55,2
DA:58,2
DA:59,1
DA:61,1
DA:64,0
DA:68,6
LF:37
LH:32
BRDA:16,0,0,1
BRDA:16,0,1,1
BRDA:41,1,0,1
BRDA:41,1,1,1
BRDA:58,2,0,1
BRDA:58,2,1,1
BRF:6
BRH:6
end_of_record
TN:
SF:controllers\orderController.js
FN:3,(anonymous_0)
FN:12,(anonymous_1)
FN:26,(anonymous_2)
FN:35,(anonymous_3)
FN:52,(anonymous_4)
FNF:5
FNH:0
FNDA:0,(anonymous_0)
FNDA:0,(anonymous_1)
FNDA:0,(anonymous_2)
FNDA:0,(anonymous_3)
FNDA:0,(anonymous_4)
DA:1,6
DA:3,6
DA:4,0
DA:5,0
DA:6,0
DA:8,0
DA:12,6
DA:13,0
DA:14,0
DA:15,0
DA:16,0
DA:17,0
DA:19,0
DA:22,0
DA:26,6
DA:27,0
DA:28,0
DA:29,0
DA:31,0
DA:35,6
DA:36,0
DA:37,0
DA:38,0
DA:41,0
DA:42,0
DA:43,0
DA:45,0
DA:48,0
DA:52,6
DA:53,0
DA:54,0
DA:55,0
DA:58,0
DA:59,0
DA:61,0
DA:64,0
DA:68,6
LF:37
LH:7
BRDA:16,0,0,0
BRDA:16,0,1,0
BRDA:41,1,0,0
BRDA:41,1,1,0
BRDA:58,2,0,0
BRDA:58,2,1,0
BRF:6
BRH:0
end_of_record
TN:
SF:controllers\orderItemController.js
FN:3,(anonymous_0)
FN:12,(anonymous_1)
FN:26,(anonymous_2)
FN:32,(anonymous_3)
FN:38,(anonymous_4)
FN:55,(anonymous_5)
FNF:6
FNH:0
FNDA:0,(anonymous_0)
FNDA:0,(anonymous_1)
FNDA:0,(anonymous_2)
FNDA:0,(anonymous_3)
FNDA:0,(anonymous_4)
FNDA:0,(anonymous_5)
DA:1,6
DA:3,6
DA:4,0
DA:5,0
DA:6,0
DA:8,0
DA:12,6
DA:13,0
DA:14,0
DA:15,0
DA:16,0
DA:17,0
DA:19,0
DA:22,0
DA:26,6
DA:27,0
DA:28,0
DA:29,0
DA:31,0
DA:32,0
DA:34,0
DA:38,6
DA:39,0
DA:40,0
DA:41,0
DA:44,0
DA:45,0
DA:46,0
DA:48,0
DA:51,0
DA:55,6
DA:56,0
DA:57,0
DA:58,0
DA:61,0
DA:62,0
DA:64,0
DA:67,0
DA:71,6
LF:39
LH:7
BRDA:16,0,0,0
BRDA:16,0,1,0
BRDA:31,1,0,0
BRDA:31,1,1,0
BRDA:44,2,0,0
BRDA:44,2,1,0
BRDA:61,3,0,0
BRDA:61,3,1,0
BRF:8
BRH:0
end_of_record
TN:
SF:controllers\productController.js
FN:3,(anonymous_0)
FN:12,(anonymous_1)
FN:26,(anonymous_2)
FN:35,(anonymous_3)
FN:52,(anonymous_4)
FNF:5
FNH:5
FNDA:1,(anonymous_0)
FNDA:2,(anonymous_1)
FNDA:1,(anonymous_2)
FNDA:2,(anonymous_3)
FNDA:2,(anonymous_4)
DA:1,6
DA:3,6
DA:4,1
DA:5,1
DA:6,1
DA:8,0
DA:12,6
DA:13,2
DA:14,2
DA:15,2
DA:16,2
DA:17,1
DA:19,1
DA:22,0
DA:26,6
DA:27,1
DA:28,1
DA:29,1
DA:31,0
DA:35,6
DA:36,2
DA:37,2
DA:38,2
DA:41,2
DA:42,1
DA:43,1
DA:45,1
DA:48,0
DA:52,6
DA:53,2
DA:54,2
DA:55,2
DA:58,2
DA:59,1
DA:61,1
DA:64,0
DA:68,6
LF:37
LH:32
BRDA:16,0,0,1
BRDA:16,0,1,1
BRDA:41,1,0,1
BRDA:41,1,1,1
BRDA:58,2,0,1
BRDA:58,2,1,1
BRF:6
BRH:6
end_of_record
TN:
SF:controllers\userController.js
FN:4,(anonymous_0)
FN:14,(anonymous_1)
FN:29,(anonymous_2)
FN:47,(anonymous_3)
FNF:4
FNH:4
FNDA:1,(anonymous_0)
FNDA:2,(anonymous_1)
FNDA:2,(anonymous_2)
FNDA:2,(anonymous_3)
DA:1,6
DA:4,6
DA:5,1
DA:6,1
DA:7,1
DA:9,0
DA:14,6
DA:15,2
DA:16,2
DA:17,2
DA:18,2
DA:19,1
DA:21,1
DA:24,0
DA:29,6
DA:30,2
DA:31,2
DA:32,2
DA:35,2
DA:36,1
DA:37,1
DA:39,1
DA:42,0
DA:47,6
DA:48,2
DA:49,2
DA:50,2
DA:53,2
DA:54,1
DA:56,1
DA:59,0
DA:63,6
LF:32
LH:28
BRDA:18,0,0,1
BRDA:18,0,1,1
BRDA:35,1,0,1
BRDA:35,1,1,1
BRDA:53,2,0,1
BRDA:53,2,1,1
BRF:6
BRH:6
end_of_record
TN:
SF:models\address.js
FN:5,(anonymous_0)
FN:12,(anonymous_1)
FNF:2
FNH:2
FNDA:6,(anonymous_0)
FNDA:6,(anonymous_1)
DA:4,6
DA:5,6
DA:16,6
DA:27,6
LF:4
LH:4
BRF:0
BRH:0
end_of_record
TN:
SF:models\category.js
FN:5,(anonymous_0)
FN:12,(anonymous_1)
FNF:2
FNH:2
FNDA:6,(anonymous_0)
FNDA:6,(anonymous_1)
DA:4,6
DA:5,6
DA:16,6
DA:22,6
LF:4
LH:4
BRF:0
BRH:0
end_of_record
TN:
SF:models\index.js
FN:21,(anonymous_0)
FN:29,(anonymous_1)
FN:34,(anonymous_2)
FNF:3
FNH:3
FNDA:42,(anonymous_0)
FNDA:36,(anonymous_1)
FNDA:36,(anonymous_2)
DA:3,6
DA:4,6
DA:5,6
DA:6,6
DA:7,6
DA:8,6
DA:9,6
DA:10,6
DA:13,6
DA:14,0
DA:16,6
DA:19,6
DA:22,42
DA:30,36
DA:31,36
DA:34,6
DA:35,36
DA:36,36
DA:40,6
DA:41,6
DA:43,6
DA:45,6
LF:22
LH:21
BRDA:8,0,0,6
BRDA:8,0,1,0
BRDA:13,1,0,0
BRDA:13,1,1,6
BRDA:23,2,0,42
BRDA:23,2,1,42
BRDA:23,2,2,36
BRDA:23,2,3,36
BRDA:35,3,0,36
BRDA:35,3,1,0
BRF:10
BRH:7
end_of_record
TN:
SF:models\order.js
FN:5,(anonymous_0)
FN:12,(anonymous_1)
FNF:2
FNH:2
FNDA:6,(anonymous_0)
FNDA:6,(anonymous_1)
DA:4,6
DA:5,6
DA:16,6
DA:24,6
LF:4
LH:4
BRF:0
BRH:0
end_of_record
TN:
SF:models\orderitem.js
FN:5,(anonymous_0)
FN:12,(anonymous_1)
FNF:2
FNH:2
FNDA:6,(anonymous_0)
FNDA:6,(anonymous_1)
DA:4,6
DA:5,6
DA:13,6
DA:14,6
DA:17,6
DA:25,6
LF:6
LH:6
BRF:0
BRH:0
end_of_record
TN:
SF:models\product.js
FN:5,(anonymous_0)
FN:12,(anonymous_1)
FNF:2
FNH:2
FNDA:6,(anonymous_0)
FNDA:6,(anonymous_1)
DA:4,6
DA:5,6
DA:16,6
DA:26,6
LF:4
LH:4
BRF:0
BRH:0
end_of_record
TN:
SF:models\user.js
FN:7,(anonymous_0)
FN:14,(anonymous_1)
FN:24,(anonymous_2)
FNF:3
FNH:3
FNDA:12,(anonymous_0)
FNDA:6,(anonymous_1)
FNDA:4,(anonymous_2)
DA:1,6
DA:3,6
DA:6,6
DA:7,6
DA:18,12
DA:25,4
DA:26,4
DA:27,4
DA:34,12
LF:9
LH:9
BRF:0
BRH:0
end_of_record
TN:
SF:routes\index.js
FNF:0
FNH:0
DA:1,6
DA:2,6
DA:3,6
DA:4,6
DA:5,6
DA:6,6
DA:7,6
DA:8,6
DA:9,6
DA:41,6
DA:77,6
DA:96,6
DA:120,6
DA:152,6
DA:174,6
DA:193,6
DA:217,6
DA:240,6
DA:272,6
DA:294,6
DA:313,6
DA:337,6
DA:360,6
DA:392,6
DA:414,6
DA:433,6
DA:457,6
DA:480,6
DA:512,6
DA:534,6
DA:553,6
DA:577,6
DA:600,6
DA:632,6
DA:654,6
DA:673,6
DA:697,6
DA:720,6
DA:752,6
DA:774,6
DA:776,6
LF:41
LH:41
BRF:0
BRH:0
end_of_record
